<?xml version="1.0" encoding="UTF-8" ?>
<testsuite tests="6" failures="0" name="com.lod.brightstream.utils.TimeCalcTest" time="0.016" errors="0" skipped="0">
  <properties>
[...]
</properties>
  <testcase classname="com.lod.brightstream.utils.TimeCalcTest" name="testMeaningfulTimePeriod_1dayAnd1hour" time="0.005"/>
  <testcase classname="com.lod.brightstream.utils.TimeCalcTest" name="testMeaningfulTimePeriod_2monthsAnd3days" time="0.008"/>
  <testcase classname="com.lod.brightstream.utils.TimeCalcTest" name="testMeaningfulTimePeriod_2yearsAnd1month" time="0.001"/>
  <testcase classname="com.lod.brightstream.utils.TimeCalcTest" name="testMeaningfulTimePeriod_10hoursAnd5minutes" time="0"/>
  <testcase classname="com.lod.brightstream.utils.TimeCalcTest" name="itShouldThrowIllegalArgumentException" time="0.001"/>
  <testcase classname="com.lod.brightstream.utils.TimeCalcTest" name="testMeaningfulTimePerioud_52minutes" time="0.001"/>
</testsuite>